<?xml version="1.0" encoding="UTF-8"?>
<!-- Generated by org.testng.reporters.JUnitReportReporter -->
<testsuite hostname="DESKTOP-2FQH628" failures="0" tests="1" name="tests.Tests" time="33.485" errors="0" timestamp="2019-09-09T08:26:34 CEST" skipped="0">
  <testcase classname="tests.Tests" name="calctest" time="33.485"/>
</testsuite> <!-- tests.Tests -->
